<?xml version="1.0" encoding="UTF-8"?>
<testsuite xmlns:xsi="http://www.w3.org/2001/XMLSchema-instance" xsi:noNamespaceSchemaLocation="https://maven.apache.org/surefire/maven-surefire-plugin/xsd/surefire-test-report-3.0.xsd" version="3.0" name="Runners.smokeRunner" time="95.98" tests="1" errors="0" skipped="0" failures="0">
  <properties>
[...]
</properties>
  <testcase name="login with valid credentials" classname="login feature" time="91.441">
    <system-out><![CDATA[
@takescreenshot
Scenario Outline: login with valid credentials           # src/test/resources/features/login.feature:11
Admin
  When user enter es different "Admin" and "Hum@nhrm123" # Steps.LoginSteps.userEnterEsDifferentAnd(java.lang.String,java.lang.String)
  And user click on login button                         # Steps.LoginSteps.user_click_on_login_button()
  Then user logged in as "Admin"                         # Steps.LoginSteps.userLoggedInAs(java.lang.String)

    Embedding login with valid credentials [image/png 55890 bytes]

]]></system-out>
    <system-err><![CDATA[SLF4J: No SLF4J providers were found.
SLF4J: Defaulting to no-operation (NOP) logger implementation
SLF4J: See https://www.slf4j.org/codes.html#noProviders for further details.
Starting ChromeDriver 121.0.6167.85 (3f98d690ad7e59242ef110144c757b2ac4eef1a2-refs/branch-heads/6167@{#1539}) on port 43677
Only local connections are allowed.
Please see https://chromedriver.chromium.org/security-considerations for suggestions on keeping ChromeDriver safe.
ChromeDriver was started successfully.
Feb 02, 2024 8:21:46 PM org.openqa.selenium.remote.ProtocolHandshake createSession
INFO: Detected dialect: W3C
]]></system-err>
  </testcase>
</testsuite>